 1955  db=amazon_reviews_us_Books_v1_02.tsv
 1956  echo $db
 1957  db=~/amazon_reviews_us_Books_v1_02.tsv
 1958  cd CS185C/ws/ws8
 1959  ls
 1960  head $db
 1961  man head
 1962  head -n200 $db | awk -F '$12 = /Y/ {print $14}' >> verified_bodies.txt
 1963  head -n200 $db | awk '$12 = /Y/ {print $14}' >> verified_bodies.txt
 1964  ls
 1965  wc verified_bodies.txt
 1966  head -n200 $db | awk '$12 = /N/ {print $14}' >> unverified_bodies.txt
 1967  ls
 1968  wc unverified_bodies.txt
 1969  head unverified_bodies.txt
 1970  head verified_bodies.txt
 1971  ls
 1972  rm *_bodies.txt
 1973  ls
 1974  head -n200 $db | awk '$12 ~ /N/ {print $14}' >> unverified_bodies.txt
 1975  ls
 1976  head unverified_bodies.txt
 1977  wc unverified_bodies.txt
 1978  head -n200 $db | awk '$12 ~ /Y/ {print $14}' >> verified_bodies.txt
 1979  wc verified_bodies.txt
 1980  head verified_bodies.txt
 1981  head -n200 $db
 1982  head -n1 $db
 1983  head -n200 $db | awk '$12 ~ /Y/ {print $14}'
 1984  head -n200 $db | awk -F"\t" '$12 ~ /Y/ {print $14}'
 1985  rm *_bodies.txt
 1986  head -n200 $db | awk -F"\t" '$12=Y {print $14}' >> unverified
 1987  head unverified
 1988  ls
 1989  wc unverified
 1990  head -n200 $db | awk -F"\t" '$12=\Y\ {print $14}' >> unverified
 1991  head -n200 $db | awk -F"\t" '$12=/Y/ {print $14}' >> unverified
 1992  wc unverified
 1993  head unverified
 1994  head -n200 $db | awk -F"\t" '$12=/N/ {print $14}' >> verified
 1995  head verified
 1996  wc verified
 1997  rm *_bodies.txt
 1998  rm *verified
 1999  ls
 2000  head -n200 $db | awk -F"\t" '$12="N" {print $14}' >> verified
 2001  ls
 2002  head verified
 2003  wc verified
 2004  head -n200 $db | awk -F"\t" '$12="Y" {print $14}' >> unverified
 2005  wc unverified
 2006  head unverified
 2007  rm *verified
 2008  head -n200 $db | awk -F"\t" '$12=="Y" {print $14}' >> unverified
 2009  wc unverified
 2010  head -n200 $db | awk -F"\t" '$12=="N" {print $14}' >> unverified
 2011  wc unverified
 2012  rm *verified
 2013  ls
 2014  head -n200 $db | awk -F"\t" '$12=="N" {print $14}' >> unverified
 2015  wc unverified
 2016  head -n200 $db | awk -F"\t" '$12=="Y" {print $14}' >> verified
 2017  wc verified
 2018  echo $db
 2019  man sort
 2020  sed -r 's/[[:space:]]+/\n/g' unverified | sed '/^$/d' | sort | uniq -c | sort -nr | head -n10
 2021  sed -r 's/[[:space:]]+/\n/g' verified | sed '/^$/d' | sort | uniq -c | sort -nr | head -n10
 2022  head -n200 $db | awk -F"\t" '$12!="Y" && $12!="N" {print $14}' >> verified
 2023  wc verified
 2024  head -n200 $db | awk -F"\t" '$12!="Y" && $12!="N" {print $14}'
 2025  script ws8.txt
 2026  vi ws8.txtt
 2027  vi ws8.txt
 2028  history > cmds.log
